{"message":"user controller || create user ","level":"info"}
{"message":"::1 - - [12/Dec/2018:09:11:37 +0000] \"POST /users HTTP/1.1\" 401 71 \"-\" \"PostmanRuntime/7.4.0\"\n","level":"info"}
{"message":"user controller || create user ","level":"info"}
{"message":"::1 - - [12/Dec/2018:09:11:38 +0000] \"POST /users HTTP/1.1\" 401 71 \"-\" \"PostmanRuntime/7.4.0\"\n","level":"info"}
{"message":"user controller || create user ","level":"info"}
{"message":"user controller || create user ","level":"info"}
{"message":"::1 - - [12/Dec/2018:09:21:25 +0000] \"POST /users HTTP/1.1\" 401 71 \"-\" \"PostmanRuntime/7.4.0\"\n","level":"info"}
{"message":"user controller || create user ","level":"info"}
{"message":"::1 - - [12/Dec/2018:09:22:13 +0000] \"POST /users HTTP/1.1\" 401 71 \"-\" \"PostmanRuntime/7.4.0\"\n","level":"info"}
{"message":"user controller || create user ","level":"info"}
{"message":"::1 - - [12/Dec/2018:09:22:21 +0000] \"POST /users HTTP/1.1\" 401 71 \"-\" \"PostmanRuntime/7.4.0\"\n","level":"info"}
{"message":"user controller || create user ","level":"info"}
{"message":"::1 - - [12/Dec/2018:09:23:05 +0000] \"POST /users HTTP/1.1\" 401 71 \"-\" \"PostmanRuntime/7.4.0\"\n","level":"info"}
{"message":"user controller || create user ","level":"info"}
{"message":"::1 - - [12/Dec/2018:09:23:21 +0000] \"POST /users HTTP/1.1\" 401 71 \"-\" \"PostmanRuntime/7.4.0\"\n","level":"info"}
{"message":"user controller || create user ","level":"info"}
{"message":"user controller || create user ","level":"info"}
{"message":"::1 - - [12/Dec/2018:09:28:50 +0000] \"POST /users HTTP/1.1\" 401 71 \"-\" \"PostmanRuntime/7.4.0\"\n","level":"info"}
{"message":"user controller || create user ","level":"info"}
{"message":"::1 - - [12/Dec/2018:10:04:37 +0000] \"POST /users HTTP/1.1\" 401 71 \"-\" \"PostmanRuntime/7.4.0\"\n","level":"info"}
{"message":"::1 - - [12/Dec/2018:10:44:29 +0000] \"POST /users HTTP/1.1\" 500 1315 \"-\" \"PostmanRuntime/7.4.0\"\n","level":"info"}
{"message":"user controller || create user ","level":"info"}
{"message":"::1 - - [12/Dec/2018:10:45:33 +0000] \"POST /users HTTP/1.1\" 401 71 \"-\" \"PostmanRuntime/7.4.0\"\n","level":"info"}
{"message":"user controller || create user ","level":"info"}
{"message":"::1 - - [12/Dec/2018:10:46:24 +0000] \"POST /users HTTP/1.1\" 401 71 \"-\" \"PostmanRuntime/7.4.0\"\n","level":"info"}
{"message":"::1 - - [13/Dec/2018:02:52:31 +0000] \"GET /users HTTP/1.1\" 200 471 \"-\" \"Mozilla/5.0 (Windows NT 10.0; Win64; x64; rv:63.0) Gecko/20100101 Firefox/63.0\"\n","level":"info"}
{"message":"::1 - - [13/Dec/2018:03:23:02 +0000] \"GET /users HTTP/1.1\" 500 1321 \"-\" \"Mozilla/5.0 (Windows NT 10.0; Win64; x64; rv:63.0) Gecko/20100101 Firefox/63.0\"\n","level":"info"}
{"message":"::1 - - [13/Dec/2018:03:23:02 +0000] \"GET /favicon.ico HTTP/1.1\" 404 150 \"-\" \"Mozilla/5.0 (Windows NT 10.0; Win64; x64; rv:63.0) Gecko/20100101 Firefox/63.0\"\n","level":"info"}
{"message":"::1 - - [13/Dec/2018:03:24:31 +0000] \"GET /users HTTP/1.1\" 200 471 \"-\" \"Mozilla/5.0 (Windows NT 10.0; Win64; x64; rv:63.0) Gecko/20100101 Firefox/63.0\"\n","level":"info"}
{"message":"::1 - - [13/Dec/2018:08:50:03 +0000] \"GET /users HTTP/1.1\" 304 - \"-\" \"Mozilla/5.0 (Windows NT 10.0; Win64; x64; rv:63.0) Gecko/20100101 Firefox/63.0\"\n","level":"info"}
{"message":"::1 - - [13/Dec/2018:08:51:26 +0000] \"GET /users HTTP/1.1\" 304 - \"-\" \"Mozilla/5.0 (Windows NT 10.0; Win64; x64; rv:63.0) Gecko/20100101 Firefox/63.0\"\n","level":"info"}
{"message":"::1 - - [13/Dec/2018:09:31:13 +0000] \"POST /users HTTP/1.1\" 422 45 \"-\" \"PostmanRuntime/7.4.0\"\n","level":"info"}
{"message":"::1 - - [13/Dec/2018:09:31:26 +0000] \"POST /users HTTP/1.1\" 403 45 \"-\" \"PostmanRuntime/7.4.0\"\n","level":"info"}
{"message":"user controller || create user ","level":"info"}
{"message":"::1 - - [13/Dec/2018:09:31:31 +0000] \"POST /users HTTP/1.1\" 401 71 \"-\" \"PostmanRuntime/7.4.0\"\n","level":"info"}
{"message":"user controller || create user ","level":"info"}
{"message":"::1 - - [13/Dec/2018:09:32:22 +0000] \"POST /users HTTP/1.1\" 400 71 \"-\" \"PostmanRuntime/7.4.0\"\n","level":"info"}
{"message":"::1 - - [13/Dec/2018:09:39:06 +0000] \"GET /users HTTP/1.1\" 304 - \"-\" \"Mozilla/5.0 (Windows NT 10.0; Win64; x64; rv:63.0) Gecko/20100101 Firefox/63.0\"\n","level":"info"}
{"message":"user controller || create user ","level":"info"}
{"message":"::1 - - [14/Dec/2018:01:58:15 +0000] \"POST /users HTTP/1.1\" 400 71 \"-\" \"PostmanRuntime/7.4.0\"\n","level":"info"}
{"message":"user controller || create user ","level":"info"}
{"message":"::1 - - [14/Dec/2018:01:58:31 +0000] \"POST /users HTTP/1.1\" 200 76 \"-\" \"PostmanRuntime/7.4.0\"\n","level":"info"}
